[11:45:13] [main/INFO] (FabricLoader/GameProvider) Loading Minecraft 1.20.1 with Fabric Loader 0.14.21
[11:45:14] [main/INFO] (FabricLoader) Loading 46 mods:
	- fabric-api 0.83.0+1.20.1
	- fabric-api-base 0.4.29+b04edc7a82
	- fabric-api-lookup-api-v1 1.6.34+4d8536c982
	- fabric-biome-api-v1 13.0.10+b3afc78b82
	- fabric-block-api-v1 1.0.9+e022e5d182
	- fabric-blockrenderlayer-v1 1.1.39+b3afc78b82
	- fabric-client-tags-api-v1 1.0.20+b3afc78b82
	- fabric-command-api-v2 2.2.11+b3afc78b82
	- fabric-content-registries-v0 4.0.7+b3afc78b82
	- fabric-convention-tags-v1 1.5.3+b3afc78b82
	- fabric-crash-report-info-v1 0.2.18+aeb40ebe82
	- fabric-data-generation-api-v1 12.1.10+b3afc78b82
	- fabric-dimensions-v1 2.1.51+b3afc78b82
	- fabric-entity-events-v1 1.5.21+b3afc78b82
	- fabric-events-interaction-v0 0.6.0+b3afc78b82
	- fabric-game-rule-api-v1 1.0.38+b04edc7a82
	- fabric-gametest-api-v1 1.2.10+b3afc78b82
	- fabric-item-api-v1 2.1.26+b3afc78b82
	- fabric-item-group-api-v1 4.0.7+b3afc78b82
	- fabric-key-binding-api-v1 1.0.36+fb8d95da82
	- fabric-lifecycle-events-v1 2.2.20+b3afc78b82
	- fabric-loot-api-v2 1.1.37+b3afc78b82
	- fabric-message-api-v1 5.1.6+b3afc78b82
	- fabric-mining-level-api-v1 2.1.47+b3afc78b82
	- fabric-models-v0 0.3.35+b3afc78b82
	- fabric-networking-api-v1 1.3.8+b3afc78b82
	- fabric-object-builder-api-v1 11.0.6+b3afc78b82
	- fabric-particles-v1 1.0.28+b3afc78b82
	- fabric-recipe-api-v1 1.0.18+b3afc78b82
	- fabric-registry-sync-v0 2.2.6+b3afc78b82
	- fabric-renderer-api-v1 3.0.1+b3afc78b82
	- fabric-renderer-indigo 1.3.1+b3afc78b82
	- fabric-rendering-data-attachment-v1 0.3.33+b3afc78b82
	- fabric-rendering-fluids-v1 3.0.26+b3afc78b82
	- fabric-rendering-v1 3.0.6+b3afc78b82
	- fabric-resource-conditions-api-v1 2.3.4+b3afc78b82
	- fabric-resource-loader-v0 0.11.7+f7923f6d82
	- fabric-screen-api-v1 2.0.6+b3afc78b82
	- fabric-screen-handler-api-v1 1.3.27+b3afc78b82
	- fabric-sound-api-v1 1.0.12+b3afc78b82
	- fabric-transfer-api-v1 3.2.2+b3afc78b82
	- fabric-transitive-access-wideners-v1 4.2.0+b3afc78b82
	- fabricloader 0.14.21
	- java 17
	- minecraft 1.20.1
	- modid 1.0.0
[11:45:15] [main/INFO] (FabricLoader/Mixin) SpongePowered MIXIN Subsystem Version=0.8.5 Source=file:/Users/stormbirch-hansen/.gradle/caches/modules-2/files-2.1/net.fabricmc/sponge-mixin/0.12.5+mixin.0.8.5/8d31fb97c3e0cd7c8dad3441851c523bcfae6d8e/sponge-mixin-0.12.5+mixin.0.8.5.jar Service=Knot/Fabric Env=CLIENT
[11:45:15] [main/INFO] (FabricLoader/Mixin) Loaded Fabric development mappings for mixin remapper!
[11:45:15] [main/INFO] (FabricLoader/Mixin) Compatibility level set to JAVA_16
[11:45:15] [main/INFO] (FabricLoader/Mixin) Compatibility level set to JAVA_17
[11:45:23] [Datafixer Bootstrap/INFO] (Minecraft) 188 Datafixer optimizations took 110 milliseconds
[11:45:25] [Render thread/INFO] (Minecraft) Environment: authHost='https://authserver.mojang.com', accountsHost='https://api.mojang.com', sessionHost='https://sessionserver.mojang.com', servicesHost='https://api.minecraftservices.com', name='PROD'
[11:45:25] [Render thread/ERROR] (Minecraft) Failed to verify authentication
com.mojang.authlib.exceptions.InvalidCredentialsException: Status: 401
	at com.mojang.authlib.exceptions.MinecraftClientHttpException.toAuthenticationException(MinecraftClientHttpException.java:56) ~[authlib-4.0.43.jar:?]
	at com.mojang.authlib.yggdrasil.YggdrasilUserApiService.fetchProperties(YggdrasilUserApiService.java:156) ~[authlib-4.0.43.jar:?]
	at com.mojang.authlib.yggdrasil.YggdrasilUserApiService.<init>(YggdrasilUserApiService.java:55) ~[authlib-4.0.43.jar:?]
	at com.mojang.authlib.yggdrasil.YggdrasilAuthenticationService.createUserApiService(YggdrasilAuthenticationService.java:124) ~[authlib-4.0.43.jar:?]
	at net.minecraft.client.MinecraftClient.createUserApiService(MinecraftClient.java:733) ~[minecraft-clientonly-project-root-1.20.1-net.fabricmc.yarn.1_20_1.1.20.1+build.1-v2.jar:?]
	at net.minecraft.client.MinecraftClient.<init>(MinecraftClient.java:442) ~[minecraft-clientonly-project-root-1.20.1-net.fabricmc.yarn.1_20_1.1.20.1+build.1-v2.jar:?]
	at net.minecraft.client.main.Main.main(Main.java:211) ~[minecraft-clientonly-project-root-1.20.1-net.fabricmc.yarn.1_20_1.1.20.1+build.1-v2.jar:?]
	at net.fabricmc.loader.impl.game.minecraft.MinecraftGameProvider.launch(MinecraftGameProvider.java:468) ~[fabric-loader-0.14.21.jar:?]
	at net.fabricmc.loader.impl.launch.knot.Knot.launch(Knot.java:74) ~[fabric-loader-0.14.21.jar:?]
	at net.fabricmc.loader.impl.launch.knot.KnotClient.main(KnotClient.java:23) ~[fabric-loader-0.14.21.jar:?]
	at net.fabricmc.devlaunchinjector.Main.main(Main.java:86) ~[dev-launch-injector-0.2.1+build.8.jar:?]
Caused by: com.mojang.authlib.exceptions.MinecraftClientHttpException: Status: 401
	at com.mojang.authlib.minecraft.client.MinecraftClient.readInputStream(MinecraftClient.java:85) ~[authlib-4.0.43.jar:?]
	at com.mojang.authlib.minecraft.client.MinecraftClient.get(MinecraftClient.java:48) ~[authlib-4.0.43.jar:?]
	at com.mojang.authlib.yggdrasil.YggdrasilUserApiService.fetchProperties(YggdrasilUserApiService.java:129) ~[authlib-4.0.43.jar:?]
	... 9 more
[11:45:25] [Render thread/INFO] (Minecraft) Setting user: Player444
[11:45:26] [Render thread/INFO] (Indigo) [Indigo] Registering Indigo renderer!
[11:45:26] [Render thread/INFO] (Minecraft) Backend library: LWJGL version 3.3.1 SNAPSHOT
[11:45:28] [Render thread/INFO] (Minecraft) Reloading ResourceManager: vanilla, fabric (fabric-transfer-api-v1, fabric-renderer-api-v1, fabric-api, fabric-game-rule-api-v1, fabric-key-binding-api-v1, fabric-message-api-v1, modid, fabric-rendering-data-attachment-v1, fabric-entity-events-v1, fabric-recipe-api-v1, fabric-registry-sync-v0, fabric-rendering-fluids-v1, fabric-events-interaction-v0, fabric-item-api-v1, fabric-object-builder-api-v1, fabric-gametest-api-v1, fabric-blockrenderlayer-v1, fabric-models-v0, fabric-biome-api-v1, fabric-resource-conditions-api-v1, fabric-loot-api-v2, fabric-sound-api-v1, fabric-transitive-access-wideners-v1, fabric-api-base, fabric-lifecycle-events-v1, fabric-command-api-v2, fabric-resource-loader-v0, fabric-block-api-v1, fabric-screen-handler-api-v1, fabric-dimensions-v1, fabric-client-tags-api-v1, fabric-screen-api-v1, fabric-api-lookup-api-v1, fabric-data-generation-api-v1, fabric-particles-v1, fabricloader, fabric-mining-level-api-v1, fabric-renderer-indigo, fabric-content-registries-v0, fabric-convention-tags-v1, fabric-crash-report-info-v1, fabric-rendering-v1, fabric-item-group-api-v1, fabric-networking-api-v1)
[11:45:28] [Worker-Main-6/INFO] (Minecraft) Found unifont_all_no_pua-15.0.06.hex, loading
[11:45:28] [Realms Notification Availability checker #1/INFO] (Minecraft) Could not authorize you against Realms server: Invalid session id
[11:45:29] [Render thread/WARN] (Minecraft) Missing sound for event: minecraft:item.goat_horn.play
[11:45:29] [Render thread/WARN] (Minecraft) Missing sound for event: minecraft:entity.goat.screaming.horn_break
[11:45:30] [Render thread/INFO] (Minecraft) OpenAL initialized on device CoreAudio Default
[11:45:30] [Render thread/INFO] (Minecraft) Sound engine started
[11:45:30] [Render thread/INFO] (Minecraft) Created: 1024x512x4 minecraft:textures/atlas/blocks.png-atlas
[11:45:30] [Render thread/INFO] (Minecraft) Created: 256x256x4 minecraft:textures/atlas/signs.png-atlas
[11:45:30] [Render thread/INFO] (Minecraft) Created: 512x512x4 minecraft:textures/atlas/banner_patterns.png-atlas
[11:45:30] [Render thread/INFO] (Minecraft) Created: 512x512x4 minecraft:textures/atlas/shield_patterns.png-atlas
[11:45:30] [Render thread/INFO] (Minecraft) Created: 1024x1024x4 minecraft:textures/atlas/armor_trims.png-atlas
[11:45:30] [Render thread/INFO] (Minecraft) Created: 256x256x4 minecraft:textures/atlas/chest.png-atlas
[11:45:30] [Render thread/INFO] (Minecraft) Created: 128x64x4 minecraft:textures/atlas/decorated_pot.png-atlas
[11:45:30] [Render thread/INFO] (Minecraft) Created: 512x256x4 minecraft:textures/atlas/beds.png-atlas
[11:45:30] [Render thread/INFO] (Minecraft) Created: 512x256x4 minecraft:textures/atlas/shulker_boxes.png-atlas
[11:45:30] [Render thread/WARN] (Minecraft) Shader rendertype_entity_translucent_emissive could not find sampler named Sampler2 in the specified shader program.
[11:45:30] [Render thread/INFO] (Minecraft) Created: 256x256x0 minecraft:textures/atlas/particles.png-atlas
[11:45:30] [Render thread/INFO] (Minecraft) Created: 256x256x0 minecraft:textures/atlas/paintings.png-atlas
[11:45:30] [Render thread/INFO] (Minecraft) Created: 128x128x0 minecraft:textures/atlas/mob_effects.png-atlas
[11:45:44] [Render thread/INFO] (Minecraft) Loaded 7 recipes
[11:45:44] [Render thread/INFO] (Minecraft) Loaded 1271 advancements
[11:45:45] [Render thread/INFO] (BiomeModificationImpl) Applied 0 biome modifications to 0 of 64 new biomes in 1.216 ms
[11:45:45] [Server thread/INFO] (Minecraft) Starting integrated minecraft server version 1.20.1
[11:45:45] [Server thread/INFO] (Minecraft) Generating keypair
[11:45:47] [Server thread/INFO] (Minecraft) Preparing start region for dimension minecraft:overworld
[11:45:51] [Render thread/INFO] (Minecraft) Preparing spawn area: 0%
[11:45:51] [Render thread/INFO] (Minecraft) Preparing spawn area: 0%
[11:45:51] [Render thread/INFO] (Minecraft) Preparing spawn area: 0%
[11:45:51] [Render thread/INFO] (Minecraft) Preparing spawn area: 0%
[11:45:51] [Render thread/INFO] (Minecraft) Preparing spawn area: 0%
[11:45:51] [Render thread/INFO] (Minecraft) Preparing spawn area: 0%
[11:45:51] [Render thread/INFO] (Minecraft) Preparing spawn area: 0%
[11:45:51] [Render thread/INFO] (Minecraft) Preparing spawn area: 0%
[11:45:51] [Render thread/INFO] (Minecraft) Preparing spawn area: 0%
[11:45:52] [Render thread/INFO] (Minecraft) Preparing spawn area: 30%
[11:45:52] [Render thread/INFO] (Minecraft) Preparing spawn area: 76%
[11:45:52] [Render thread/INFO] (Minecraft) Time elapsed: 5303 ms
[11:45:53] [Server thread/INFO] (Minecraft) Changing view distance to 12, from 10
[11:45:53] [Server thread/INFO] (Minecraft) Changing simulation distance to 12, from 0
[11:45:53] [Server thread/INFO] (Minecraft) Player444[local:E:24736297] logged in with entity id 103 at (201.7621814586144, 74.0, 461.3162287026723)
[11:45:53] [Server thread/INFO] (Minecraft) Player444 joined the game
[11:45:54] [Render thread/INFO] (Minecraft) Loaded 2 advancements
[11:46:01] [Render thread/INFO] (Minecraft) [System] [CHAT] Enderchests are disabled!
[11:46:04] [Server thread/INFO] (Minecraft) Saving and pausing game...
[11:46:04] [Server thread/INFO] (Minecraft) Saving chunks for level 'ServerLevel[New World]'/minecraft:overworld
[11:46:04] [Server thread/INFO] (Minecraft) Saving chunks for level 'ServerLevel[New World]'/minecraft:the_end
[11:46:04] [Server thread/INFO] (Minecraft) Saving chunks for level 'ServerLevel[New World]'/minecraft:the_nether
[11:46:04] [Server thread/INFO] (Minecraft) Saving and pausing game...
[11:46:04] [Server thread/INFO] (Minecraft) Saving chunks for level 'ServerLevel[New World]'/minecraft:overworld
[11:46:04] [Server thread/INFO] (Minecraft) Saving chunks for level 'ServerLevel[New World]'/minecraft:the_end
[11:46:04] [Server thread/INFO] (Minecraft) Saving chunks for level 'ServerLevel[New World]'/minecraft:the_nether
[11:46:12] [Render thread/INFO] (Minecraft) Using default channel type
[11:46:12] [Render thread/INFO] (Minecraft) Started serving on 51982
[11:46:12] [Render thread/INFO] (Minecraft) [System] [CHAT] Local game hosted on port [51982]
[11:47:03] [User Authenticator #1/INFO] (Minecraft) UUID of player MCBM is afd5bac7-823f-47b6-976d-b344c21df1c8
[11:47:03] [Server thread/INFO] (Minecraft) MCBM[/172.16.160.148:51998] logged in with entity id 716 at (-0.5, 64.0, 8.5)
[11:47:03] [Server thread/INFO] (Minecraft) MCBM joined the game
[11:47:03] [Render thread/INFO] (Minecraft) [System] [CHAT] MCBM joined the game
[11:47:07] [Server thread/WARN] (Minecraft) Can't keep up! Is the server overloaded? Running 2118ms or 42 ticks behind
[11:47:12] [Server thread/INFO] (Minecraft) [Player444: Teleported MCBM to Player444]
[11:47:12] [Render thread/INFO] (Minecraft) [System] [CHAT] Teleported MCBM to Player444
[11:47:26] [Server thread/INFO] (Minecraft) MCBM lost connection: Disconnected
[11:47:26] [Server thread/INFO] (Minecraft) MCBM left the game
[11:47:26] [Render thread/INFO] (Minecraft) [System] [CHAT] MCBM left the game
[11:47:27] [Server thread/WARN] (Minecraft) Can't keep up! Is the server overloaded? Running 5162ms or 103 ticks behind
[11:47:28] [Render thread/INFO] (Minecraft) Stopping!
[11:47:28] [Server thread/INFO] (Minecraft) Player444 lost connection: Disconnected
[11:47:28] [Server thread/INFO] (Minecraft) Player444 left the game
[11:47:29] [Server thread/INFO] (Minecraft) Stopping singleplayer server as player logged out
[11:47:29] [Server thread/INFO] (Minecraft) Stopping server
[11:47:29] [Server thread/INFO] (Minecraft) Saving players
[11:47:29] [Server thread/INFO] (Minecraft) Saving worlds
[11:47:30] [Server thread/INFO] (Minecraft) Saving chunks for level 'ServerLevel[New World]'/minecraft:overworld
[11:47:30] [Server thread/INFO] (Minecraft) Saving chunks for level 'ServerLevel[New World]'/minecraft:the_end
[11:47:30] [Server thread/INFO] (Minecraft) Saving chunks for level 'ServerLevel[New World]'/minecraft:the_nether
[11:47:30] [Server thread/INFO] (Minecraft) ThreadedAnvilChunkStorage (New World): All chunks are saved
[11:47:30] [Server thread/INFO] (Minecraft) ThreadedAnvilChunkStorage (DIM1): All chunks are saved
[11:47:30] [Server thread/INFO] (Minecraft) ThreadedAnvilChunkStorage (DIM-1): All chunks are saved
[11:47:30] [Server thread/INFO] (Minecraft) ThreadedAnvilChunkStorage: All dimensions are saved
